#
# There is insufficient memory for the Java Runtime Environment to continue.
# Native memory allocation (malloc) failed to allocate 1217696 bytes for Chunk::new
# Possible reasons:
#   The system is out of physical RAM or swap space
#   The process is running with CompressedOops enabled, and the Java Heap may be blocking the growth of the native heap
# Possible solutions:
#   Reduce memory load on the system
#   Increase physical memory or swap space
#   Check if swap backing store is full
#   Decrease Java heap size (-Xmx/-Xms)
#   Decrease number of Java threads
#   Decrease Java thread stack sizes (-Xss)
#   Set larger code cache with -XX:ReservedCodeCacheSize=
#   JVM is running with Unscaled Compressed Oops mode in which the Java heap is
#     placed in the first 4GB address space. The Java Heap base address is the
#     maximum limit for the native heap growth. Please use -XX:HeapBaseMinAddress
#     to set the Java Heap base and to place the Java Heap above 4GB virtual address.
# This output file may be truncated or incomplete.
#
#  Out of Memory Error (allocation.cpp:389), pid=3804, tid=0x00000000000005a4
#
# JRE version: OpenJDK Runtime Environment (8.0_242-b01) (build 1.8.0_242-release-1644-b01)
# Java VM: OpenJDK 64-Bit Server VM (25.242-b01 mixed mode windows-amd64 compressed oops)
# Failed to write core dump. Minidumps are not enabled by default on client versions of Windows
#

---------------  T H R E A D  ---------------

Current thread (0x00000000176f4000):  JavaThread "C2 CompilerThread0" daemon [_thread_in_native, id=1444, stack(0x0000000018d60000,0x0000000018e60000)]

Stack: [0x0000000018d60000,0x0000000018e60000]
[error occurred during error reporting (printing stack bounds), id 0xc0000005]

Native frames: (J=compiled Java code, j=interpreted, Vv=VM code, C=native code)


Current CompileTask:
C2: 100571 15856 %     4       com.android.tools.r8.ir.regalloc.a::a @ 2115 (3993 bytes)


---------------  P R O C E S S  ---------------

Java Threads: ( => current thread )
  0x000000001d94d000 JavaThread "WorkerExecutor Queue Thread 5" [_thread_blocked, id=5084, stack(0x000000002a680000,0x000000002a780000)]
  0x000000001d94c000 JavaThread "stdout" [_thread_in_native, id=9024, stack(0x0000000027410000,0x0000000027510000)]
  0x000000001d949000 JavaThread "stderr" [_thread_in_native, id=2480, stack(0x0000000027310000,0x0000000027410000)]
  0x000000001b2bd000 JavaThread "stdout" [_thread_in_native, id=1060, stack(0x0000000027210000,0x0000000027310000)]
  0x000000001b2bc000 JavaThread "stderr" [_thread_in_native, id=11136, stack(0x0000000027110000,0x0000000027210000)]
  0x000000001b2bf000 JavaThread "stdout" [_thread_in_native, id=8472, stack(0x0000000027010000,0x0000000027110000)]
  0x000000001b2c0800 JavaThread "stderr" [_thread_in_native, id=11200, stack(0x0000000026f10000,0x0000000027010000)]
  0x000000001b2c0000 JavaThread "pool-4-thread-1" [_thread_blocked, id=4688, stack(0x0000000026c10000,0x0000000026d10000)]
  0x000000001b2be800 JavaThread "WorkerExecutor Queue Thread 4" [_thread_blocked, id=7984, stack(0x0000000026a10000,0x0000000026b10000)]
  0x000000001b2bd800 JavaThread "WorkerExecutor Queue Thread 3" [_thread_blocked, id=10344, stack(0x0000000026910000,0x0000000026a10000)]
  0x000000001b2bb800 JavaThread "WorkerExecutor Queue Thread 2" [_thread_blocked, id=9172, stack(0x0000000026810000,0x0000000026910000)]
  0x000000001b2b2800 JavaThread "Cache worker for execution history cache (C:\Users\Arnal\AndroidStudioProjects\Salvame\.gradle\6.1.1\executionHistory)" [_thread_blocked, id=7412, stack(0x0000000026410000,0x0000000026510000)]
  0x000000001b2b8800 JavaThread "Execution worker for ':' Thread 3" [_thread_blocked, id=8220, stack(0x0000000026310000,0x0000000026410000)]
  0x000000001b2b7800 JavaThread "Execution worker for ':' Thread 2" [_thread_in_Java, id=7408, stack(0x0000000026210000,0x0000000026310000)]
  0x000000001b2b5800 JavaThread "Execution worker for ':'" [_thread_in_Java, id=9688, stack(0x0000000026110000,0x0000000026210000)]
  0x000000001b2b3000 JavaThread "Cache worker for file content cache (C:\Users\Arnal\AndroidStudioProjects\Salvame\.gradle\6.1.1\fileContent)" [_thread_blocked, id=8916, stack(0x0000000026010000,0x0000000026110000)]
  0x000000001b2b6000 JavaThread "Cache worker for file content cache (C:\Users\Arnal\.gradle\caches\6.1.1\fileContent)" [_thread_blocked, id=7500, stack(0x0000000024e10000,0x0000000024f10000)]
  0x000000001b2b7000 JavaThread "Memory manager" [_thread_blocked, id=7328, stack(0x0000000022b70000,0x0000000022c70000)]
  0x0000000017718800 JavaThread "Cache worker for Build Output Cleanup Cache (C:\Users\Arnal\AndroidStudioProjects\Salvame\.gradle\buildOutputCleanup)" [_thread_blocked, id=8456, stack(0x0000000022470000,0x0000000022570000)]
  0x0000000017717800 JavaThread "Build operations Thread 4" [_thread_blocked, id=1808, stack(0x0000000022370000,0x0000000022470000)]
  0x0000000017716000 JavaThread "Build operations Thread 3" [_thread_blocked, id=9660, stack(0x0000000022000000,0x0000000022100000)]
  0x0000000017715800 JavaThread "Build operations Thread 2" [_thread_blocked, id=10144, stack(0x00000000208f0000,0x00000000209f0000)]
  0x000000001b545000 JavaThread "Build operations" [_thread_blocked, id=1080, stack(0x000000001fef0000,0x000000001fff0000)]
  0x000000001b544000 JavaThread "Cache worker for cache directory md-rule (C:\Users\Arnal\.gradle\caches\6.1.1\md-rule)" [_thread_blocked, id=1656, stack(0x000000001e780000,0x000000001e880000)]
  0x000000001b546800 JavaThread "Cache worker for cache directory md-supplier (C:\Users\Arnal\.gradle\caches\6.1.1\md-supplier)" [_thread_blocked, id=4308, stack(0x000000001e680000,0x000000001e780000)]
  0x000000001b542800 JavaThread "Cache worker for file hash cache (C:\Users\Arnal\AndroidStudioProjects\Salvame\.gradle\6.1.1\fileHashes)" [_thread_blocked, id=5288, stack(0x000000001e580000,0x000000001e680000)]
  0x000000001b543800 JavaThread "Cache worker for checksums cache (C:\Users\Arnal\AndroidStudioProjects\Salvame\.gradle\checksums)" [_thread_blocked, id=10400, stack(0x000000001cfb0000,0x000000001d0b0000)]
  0x000000001b53b000 JavaThread "Thread-30" [_thread_blocked, id=10332, stack(0x000000001cbb0000,0x000000001ccb0000)]
  0x000000001b53a800 JavaThread "Stdin handler" [_thread_blocked, id=1144, stack(0x000000001c8b0000,0x000000001c9b0000)]
  0x000000001b540800 JavaThread "Asynchronous log dispatcher for DefaultDaemonConnection: socket connection from /127.0.0.1:50900 to /127.0.0.1:50931" [_thread_blocked, id=9056, stack(0x00000000028d0000,0x00000000029d0000)]
  0x000000001b53d800 JavaThread "Cancel handler" [_thread_blocked, id=1736, stack(0x0000000000da0000,0x0000000000ea0000)]
  0x000000001b541000 JavaThread "Handler for socket connection from /127.0.0.1:50900 to /127.0.0.1:50931" [_thread_in_native, id=2140, stack(0x0000000000ca0000,0x0000000000da0000)]
  0x0000000017717000 JavaThread "Cache worker for execution history cache (C:\Users\Arnal\.gradle\caches\6.1.1\executionHistory)" [_thread_blocked, id=8572, stack(0x000000001fff0000,0x00000000200f0000)]
  0x0000000017714800 JavaThread "Cache worker for file hash cache (C:\Users\Arnal\.gradle\caches\6.1.1\fileHashes)" [_thread_blocked, id=9348, stack(0x000000001d4b0000,0x000000001d5b0000)]
  0x000000001771b800 JavaThread "File lock request listener" [_thread_in_native, id=7816, stack(0x000000001d3b0000,0x000000001d4b0000)]
  0x000000001771a000 JavaThread "Cache worker for journal cache (C:\Users\Arnal\.gradle\caches\journal-1)" [_thread_blocked, id=5808, stack(0x000000001d2b0000,0x000000001d3b0000)]
  0x000000001a8f3800 JavaThread "Daemon worker" [_thread_in_Java, id=2344, stack(0x000000001ccb0000,0x000000001cdb0000)]
  0x000000001b02d800 JavaThread "Daemon" [_thread_blocked, id=9968, stack(0x000000001c7b0000,0x000000001c8b0000)]
  0x000000001b009000 JavaThread "Daemon periodic checks" [_thread_blocked, id=9952, stack(0x000000001c6b0000,0x000000001c7b0000)]
  0x000000001afba000 JavaThread "Incoming local TCP Connector on port 50900" [_thread_in_native, id=676, stack(0x000000001c440000,0x000000001c540000)]
  0x00000000196e8000 JavaThread "Daemon health stats" [_thread_blocked, id=9264, stack(0x000000001be00000,0x000000001bf00000)]
  0x0000000019093800 JavaThread "Service Thread" daemon [_thread_blocked, id=2468, stack(0x0000000019460000,0x0000000019560000)]
  0x0000000017719000 JavaThread "C1 CompilerThread2" daemon [_thread_blocked, id=3000, stack(0x0000000018f60000,0x0000000019060000)]
  0x00000000176ff000 JavaThread "C2 CompilerThread1" daemon [_thread_in_native, id=2872, stack(0x0000000018e60000,0x0000000018f60000)]
=>0x00000000176f4000 JavaThread "C2 CompilerThread0" daemon [_thread_in_native, id=1444, stack(0x0000000018d60000,0x0000000018e60000)]
  0x00000000176f2800 JavaThread "Attach Listener" daemon [_thread_blocked, id=10736, stack(0x0000000018c60000,0x0000000018d60000)]
  0x00000000176f1800 JavaThread "Signal Dispatcher" daemon [_thread_blocked, id=804, stack(0x0000000018b60000,0x0000000018c60000)]
  0x0000000002acb800 JavaThread "Finalizer" daemon [_thread_blocked, id=5504, stack(0x0000000018940000,0x0000000018a40000)]
  0x00000000176d9000 JavaThread "Reference Handler" daemon [_thread_blocked, id=11256, stack(0x0000000018840000,0x0000000018940000)]
  0x0000000000f4e000 JavaThread "main" [_thread_blocked, id=6364, stack(0x0000000002780000,0x0000000002880000)]

Other Threads:
  0x00000000176b6800 VMThread [stack: 0x0000000018740000,0x0000000018840000] [id=2900]
  0x00000000190a4800 WatcherThread [stack: 0x0000000019560000,0x0000000019660000] [id=1996]

VM state:not at safepoint (normal execution)

VM Mutex/Monitor currently owned by a thread: None

heap address: 0x0000000080000000, size: 2048 MB, Compressed Oops mode: 32-bit
Narrow klass base: 0x0000000000000000, Narrow klass shift: 3
Compressed class space size: 1073741824 Address: 0x0000000100000000

Heap:
 PSYoungGen      total 407552K, used 169965K [0x00000000d5580000, 0x00000000f1600000, 0x0000000100000000)
  eden space 355840K, 46% used [0x00000000d5580000,0x00000000df79b5d0,0x00000000eb100000)
  from space 51712K, 7% used [0x00000000eb100000,0x00000000eb4e0000,0x00000000ee380000)
  to   space 47616K, 0% used [0x00000000ee780000,0x00000000ee780000,0x00000000f1600000)
 ParOldGen       total 147968K, used 95185K [0x0000000080000000, 0x0000000089080000, 0x00000000d5580000)
  object space 147968K, 64% used [0x0000000080000000,0x0000000085cf4528,0x0000000089080000)
 Metaspace       used 97203K, capacity 101856K, committed 102296K, reserved 1138688K
  class space    used 12751K, capacity 13646K, committed 13744K, reserved 1048576K

Card table byte_map: [0x0000000011e90000,0x00000000122a0000] byte_map_base: 0x0000000011a90000

Marking Bits: (ParMarkBitMap*) 0x0000000052a4f030
 Begin Bits: [0x0000000012950000, 0x0000000014950000)
 End Bits:   [0x0000000014950000, 0x0000000016950000)

Polling page: 0x0000000000b60000

CodeCache: size=245760Kb used=47426Kb max_used=47426Kb free=198333Kb
 bounds [0x0000000002ad0000, 0x0000000005960000, 0x0000000011ad0000]
 total_blobs=14759 nmethods=13876 adapters=794
 compilation: enabled

Compilation events (10 events):
Event: 100.526 Thread 0x0000000017719000 15912       3       com.android.tools.r8.s.a.a.b.W::forEach (38 bytes)
Event: 100.526 Thread 0x0000000017719000 nmethod 15912 0x00000000058fe610 code [0x00000000058fe7a0, 0x00000000058fec48]
Event: 100.527 Thread 0x0000000017719000 15913       3       com.android.tools.r8.ir.optimize.l::s (1912 bytes)
Event: 100.565 Thread 0x0000000017719000 nmethod 15913 0x000000000593d250 code [0x000000000593ebc0, 0x0000000005951908]
Event: 100.565 Thread 0x0000000017719000 15916       1       com.android.tools.r8.v.a.a.a.h.X$e::size (8 bytes)
Event: 100.566 Thread 0x0000000017719000 nmethod 15916 0x00000000058fe310 code [0x00000000058fe460, 0x00000000058fe570]
Event: 100.566 Thread 0x0000000017719000 15914       2       com.android.tools.r8.ir.optimize.e::a (33 bytes)
Event: 100.567 Thread 0x0000000017719000 nmethod 15914 0x00000000058fda50 code [0x00000000058fdc00, 0x00000000058fe038]
Event: 100.567 Thread 0x0000000017719000 15915       2       com.android.tools.r8.u.b.v::a (4 bytes)
Event: 100.567 Thread 0x0000000017719000 nmethod 15915 0x00000000058fd710 code [0x00000000058fd860, 0x00000000058fd9b0]

GC Heap History (10 events):
Event: 91.456 GC heap before
{Heap before GC invocations=17 (full 3):
 PSYoungGen      total 245760K, used 245756K [0x00000000d5580000, 0x00000000e9880000, 0x0000000100000000)
  eden space 218112K, 100% used [0x00000000d5580000,0x00000000e2a80000,0x00000000e2a80000)
  from space 27648K, 99% used [0x00000000e2a80000,0x00000000e457f2c0,0x00000000e4580000)
  to   space 35328K, 0% used [0x00000000e7600000,0x00000000e7600000,0x00000000e9880000)
 ParOldGen       total 147968K, used 43630K [0x0000000080000000, 0x0000000089080000, 0x00000000d5580000)
  object space 147968K, 29% used [0x0000000080000000,0x0000000082a9b970,0x0000000089080000)
 Metaspace       used 91801K, capacity 96464K, committed 96792K, reserved 1132544K
  class space    used 12090K, capacity 13002K, committed 13104K, reserved 1048576K
Event: 91.539 GC heap after
Heap after GC invocations=17 (full 3):
 PSYoungGen      total 283648K, used 35317K [0x00000000d5580000, 0x00000000eb300000, 0x0000000100000000)
  eden space 248320K, 0% used [0x00000000d5580000,0x00000000d5580000,0x00000000e4800000)
  from space 35328K, 99% used [0x00000000e7600000,0x00000000e987d4d0,0x00000000e9880000)
  to   space 47104K, 0% used [0x00000000e4800000,0x00000000e4800000,0x00000000e7600000)
 ParOldGen       total 147968K, used 60678K [0x0000000080000000, 0x0000000089080000, 0x00000000d5580000)
  object space 147968K, 41% used [0x0000000080000000,0x0000000083b41818,0x0000000089080000)
 Metaspace       used 91801K, capacity 96464K, committed 96792K, reserved 1132544K
  class space    used 12090K, capacity 13002K, committed 13104K, reserved 1048576K
}
Event: 92.370 GC heap before
{Heap before GC invocations=18 (full 3):
 PSYoungGen      total 283648K, used 128984K [0x00000000d5580000, 0x00000000eb300000, 0x0000000100000000)
  eden space 248320K, 37% used [0x00000000d5580000,0x00000000db0f8d88,0x00000000e4800000)
  from space 35328K, 99% used [0x00000000e7600000,0x00000000e987d4d0,0x00000000e9880000)
  to   space 47104K, 0% used [0x00000000e4800000,0x00000000e4800000,0x00000000e7600000)
 ParOldGen       total 147968K, used 60678K [0x0000000080000000, 0x0000000089080000, 0x00000000d5580000)
  object space 147968K, 41% used [0x0000000080000000,0x0000000083b41818,0x0000000089080000)
 Metaspace       used 93758K, capacity 98484K, committed 98584K, reserved 1134592K
  class space    used 12397K, capacity 13314K, committed 13360K, reserved 1048576K
Event: 92.568 GC heap after
Heap after GC invocations=18 (full 3):
 PSYoungGen      total 295424K, used 39517K [0x00000000d5580000, 0x00000000f1a80000, 0x0000000100000000)
  eden space 248320K, 0% used [0x00000000d5580000,0x00000000d5580000,0x00000000e4800000)
  from space 47104K, 83% used [0x00000000e4800000,0x00000000e6e97448,0x00000000e7600000)
  to   space 52224K, 0% used [0x00000000ee780000,0x00000000ee780000,0x00000000f1a80000)
 ParOldGen       total 147968K, used 75884K [0x0000000080000000, 0x0000000089080000, 0x00000000d5580000)
  object space 147968K, 51% used [0x0000000080000000,0x0000000084a1b0e8,0x0000000089080000)
 Metaspace       used 93758K, capacity 98484K, committed 98584K, reserved 1134592K
  class space    used 12397K, capacity 13314K, committed 13360K, reserved 1048576K
}
Event: 92.568 GC heap before
{Heap before GC invocations=19 (full 4):
 PSYoungGen      total 295424K, used 39517K [0x00000000d5580000, 0x00000000f1a80000, 0x0000000100000000)
  eden space 248320K, 0% used [0x00000000d5580000,0x00000000d5580000,0x00000000e4800000)
  from space 47104K, 83% used [0x00000000e4800000,0x00000000e6e97448,0x00000000e7600000)
  to   space 52224K, 0% used [0x00000000ee780000,0x00000000ee780000,0x00000000f1a80000)
 ParOldGen       total 147968K, used 75884K [0x0000000080000000, 0x0000000089080000, 0x00000000d5580000)
  object space 147968K, 51% used [0x0000000080000000,0x0000000084a1b0e8,0x0000000089080000)
 Metaspace       used 93758K, capacity 98484K, committed 98584K, reserved 1134592K
  class space    used 12397K, capacity 13314K, committed 13360K, reserved 1048576K
Event: 93.276 GC heap after
Heap after GC invocations=19 (full 4):
 PSYoungGen      total 295424K, used 0K [0x00000000d5580000, 0x00000000f1a80000, 0x0000000100000000)
  eden space 248320K, 0% used [0x00000000d5580000,0x00000000d5580000,0x00000000e4800000)
  from space 47104K, 0% used [0x00000000e4800000,0x00000000e4800000,0x00000000e7600000)
  to   space 52224K, 0% used [0x00000000ee780000,0x00000000ee780000,0x00000000f1a80000)
 ParOldGen       total 147968K, used 92133K [0x0000000080000000, 0x0000000089080000, 0x00000000d5580000)
  object space 147968K, 62% used [0x0000000080000000,0x00000000859f9780,0x0000000089080000)
 Metaspace       used 93509K, capacity 97760K, committed 98584K, reserved 1134592K
  class space    used 12314K, capacity 13170K, committed 13360K, reserved 1048576K
}
Event: 96.460 GC heap before
{Heap before GC invocations=20 (full 4):
 PSYoungGen      total 295424K, used 248320K [0x00000000d5580000, 0x00000000f1a80000, 0x0000000100000000)
  eden space 248320K, 100% used [0x00000000d5580000,0x00000000e4800000,0x00000000e4800000)
  from space 47104K, 0% used [0x00000000e4800000,0x00000000e4800000,0x00000000e7600000)
  to   space 52224K, 0% used [0x00000000ee780000,0x00000000ee780000,0x00000000f1a80000)
 ParOldGen       total 147968K, used 92133K [0x0000000080000000, 0x0000000089080000, 0x00000000d5580000)
  object space 147968K, 62% used [0x0000000080000000,0x00000000859f9780,0x0000000089080000)
 Metaspace       used 96958K, capacity 101538K, committed 102040K, reserved 1138688K
  class space    used 12732K, capacity 13635K, committed 13744K, reserved 1048576K
Event: 96.489 GC heap after
Heap after GC invocations=20 (full 4):
 PSYoungGen      total 403456K, used 4672K [0x00000000d5580000, 0x00000000f1600000, 0x0000000100000000)
  eden space 355840K, 0% used [0x00000000d5580000,0x00000000d5580000,0x00000000eb100000)
  from space 47616K, 9% used [0x00000000ee780000,0x00000000eec10388,0x00000000f1600000)
  to   space 51712K, 0% used [0x00000000eb100000,0x00000000eb100000,0x00000000ee380000)
 ParOldGen       total 147968K, used 92141K [0x0000000080000000, 0x0000000089080000, 0x00000000d5580000)
  object space 147968K, 62% used [0x0000000080000000,0x00000000859fb780,0x0000000089080000)
 Metaspace       used 96958K, capacity 101538K, committed 102040K, reserved 1138688K
  class space    used 12732K, capacity 13635K, committed 13744K, reserved 1048576K
}
Event: 99.162 GC heap before
{Heap before GC invocations=21 (full 4):
 PSYoungGen      total 403456K, used 360512K [0x00000000d5580000, 0x00000000f1600000, 0x0000000100000000)
  eden space 355840K, 100% used [0x00000000d5580000,0x00000000eb100000,0x00000000eb100000)
  from space 47616K, 9% used [0x00000000ee780000,0x00000000eec10388,0x00000000f1600000)
  to   space 51712K, 0% used [0x00000000eb100000,0x00000000eb100000,0x00000000ee380000)
 ParOldGen       total 147968K, used 92141K [0x0000000080000000, 0x0000000089080000, 0x00000000d5580000)
  object space 147968K, 62% used [0x0000000080000000,0x00000000859fb780,0x0000000089080000)
 Metaspace       used 97169K, capacity 101788K, committed 102040K, reserved 1138688K
  class space    used 12747K, capacity 13646K, committed 13744K, reserved 1048576K
Event: 99.189 GC heap after
Heap after GC invocations=21 (full 4):
 PSYoungGen      total 407552K, used 3968K [0x00000000d5580000, 0x00000000f1600000, 0x0000000100000000)
  eden space 355840K, 0% used [0x00000000d5580000,0x00000000d5580000,0x00000000eb100000)
  from space 51712K, 7% used [0x00000000eb100000,0x00000000eb4e0000,0x00000000ee380000)
  to   space 47616K, 0% used [0x00000000ee780000,0x00000000ee780000,0x00000000f1600000)
 ParOldGen       total 147968K, used 95185K [0x0000000080000000, 0x0000000089080000, 0x00000000d5580000)
  object space 147968K, 64% used [0x0000000080000000,0x0000000085cf4528,0x0000000089080000)
 Metaspace       used 97169K, capacity 101788K, committed 102040K, reserved 1138688K
  class space    used 12747K, capacity 13646K, committed 13744K, reserved 1048576K
}

Deoptimization events (10 events):
Event: 96.010 Thread 0x000000001b2b7800 Uncommon trap: reason=class_check action=maybe_recompile pc=0x0000000004d71b44 method=com.android.tools.r8.ir.conversion.o.a(II)Lcom/android/tools/r8/graph/r; @ 9
Event: 96.010 Thread 0x000000001b2b7800 Uncommon trap: reason=class_check action=maybe_recompile pc=0x0000000004d71b44 method=com.android.tools.r8.ir.conversion.o.a(II)Lcom/android/tools/r8/graph/r; @ 9
Event: 96.418 Thread 0x000000001b2b7800 Uncommon trap: reason=unstable_if action=reinterpret pc=0x000000000522816c method=com.android.tools.r8.B.a.a.f.a(Lcom/android/tools/r8/B/a/a/a;ILjava/lang/String;[C)I @ 18
Event: 96.454 Thread 0x000000001a8f3800 Uncommon trap: reason=unstable_if action=reinterpret pc=0x0000000002c04298 method=java.util.HashMap.getNode(ILjava/lang/Object;)Ljava/util/HashMap$Node; @ 84
Event: 96.454 Thread 0x000000001a8f3800 Uncommon trap: reason=unstable_if action=reinterpret pc=0x00000000037ee3f8 method=java.util.HashMap.putVal(ILjava/lang/Object;Ljava/lang/Object;ZZ)Ljava/lang/Object; @ 109
Event: 96.454 Thread 0x000000001a8f3800 Uncommon trap: reason=unstable_if action=reinterpret pc=0x0000000003b1b168 method=java.util.HashMap.getNode(ILjava/lang/Object;)Ljava/util/HashMap$Node; @ 84
Event: 96.860 Thread 0x000000001b2b7800 Uncommon trap: reason=unstable_if action=reinterpret pc=0x000000000544c068 method=com.android.tools.r8.ir.regalloc.a.a(Lcom/android/tools/r8/u/b/h0;Lcom/android/tools/r8/ir/regalloc/a$b;)Z @ 75
Event: 98.447 Thread 0x000000001b2b5800 Uncommon trap: reason=unstable_if action=reinterpret pc=0x000000000544cdb8 method=com.android.tools.r8.u.b.S0.equals(Ljava/lang/Object;)Z @ 60
Event: 98.858 Thread 0x000000001b2b7800 Uncommon trap: reason=unstable_if action=reinterpret pc=0x0000000005836818 method=com.android.tools.r8.ir.conversion.N.a(ILcom/android/tools/r8/u/b/p1;Lcom/android/tools/r8/u/b/n;Lcom/android/tools/r8/u/b/n$c;Lcom/android/tools/r8/u/b/Q0$a;)Lcom/android/t
Event: 99.601 Thread 0x000000001a8f3800 Uncommon trap: reason=unstable_if action=reinterpret pc=0x00000000054ed4f4 method=com.android.tools.r8.ir.regalloc.b.compareTo(Ljava/lang/Object;)I @ 81

Classes redefined (0 events):
No events

Internal exceptions (10 events):
Event: 90.968 Thread 0x000000001b2b8800 Exception <a 'sun/nio/fs/WindowsException'> (0x00000000e01997a8) thrown at [C:\src\AOSP-openjdk-git\hotspot\src\share\vm\prims\jni.cpp, line 710]
Event: 90.969 Thread 0x000000001b2b8800 Exception <a 'sun/nio/fs/WindowsException'> (0x00000000e019a2d0) thrown at [C:\src\AOSP-openjdk-git\hotspot\src\share\vm\prims\jni.cpp, line 710]
Event: 90.970 Thread 0x000000001b2b8800 Exception <a 'sun/nio/fs/WindowsException'> (0x00000000e019b338) thrown at [C:\src\AOSP-openjdk-git\hotspot\src\share\vm\prims\jni.cpp, line 710]
Event: 91.070 Thread 0x000000001b2b7800 Exception <a 'sun/nio/fs/WindowsException'> (0x00000000e0d79978) thrown at [C:\src\AOSP-openjdk-git\hotspot\src\share\vm\prims\jni.cpp, line 710]
Event: 91.398 Thread 0x000000001b2b8800 Exception <a 'java/lang/NoSuchMethodError': <clinit>> (0x00000000e19a9370) thrown at [C:\src\AOSP-openjdk-git\hotspot\src\share\vm\prims\jni.cpp, line 1615]
Event: 91.400 Thread 0x000000001b2b8800 Exception <a 'java/lang/NoSuchMethodError': <clinit>> (0x00000000e21c99f0) thrown at [C:\src\AOSP-openjdk-git\hotspot\src\share\vm\prims\jni.cpp, line 1615]
Event: 91.402 Thread 0x000000001b2b8800 Exception <a 'java/lang/NoSuchMethodError': <clinit>> (0x00000000e21eb8f8) thrown at [C:\src\AOSP-openjdk-git\hotspot\src\share\vm\prims\jni.cpp, line 1615]
Event: 91.406 Thread 0x000000001b2b8800 Exception <a 'java/lang/NoSuchMethodError': <clinit>> (0x00000000e2225a60) thrown at [C:\src\AOSP-openjdk-git\hotspot\src\share\vm\prims\jni.cpp, line 1615]
Event: 91.774 Thread 0x000000001b2b5800 Implicit null exception at 0x00000000051b737b to 0x00000000051b7f5d
Event: 93.365 Thread 0x000000001b2b7800 Exception <a 'java/lang/NoSuchMethodError': java.lang.Object.lambda$maxBy$1(Ljava/util/Comparator;Ljava/lang/Object;Ljava/lang/Object;)Ljava/lang/Object;> (0x00000000d5b3b388) thrown at [C:\src\AOSP-openjdk-git\hotspot\src\share\vm\interpreter\linkResolve

Events (10 events):
Event: 99.852 Thread 0x000000001a8f3800 DEOPT PACKING pc=0x0000000005461f2c sp=0x000000001cda7950
Event: 99.852 Thread 0x000000001a8f3800 DEOPT UNPACKING pc=0x0000000002b175d0 sp=0x000000001cda7a98 mode 0
Event: 99.968 Thread 0x000000001b2b7800 DEOPT PACKING pc=0x0000000005461f2c sp=0x000000002630a570
Event: 99.968 Thread 0x000000001b2b7800 DEOPT UNPACKING pc=0x0000000002b175d0 sp=0x000000002630a6b8 mode 0
Event: 100.140 Thread 0x000000001a8f3800 DEOPT PACKING pc=0x000000000531bd67 sp=0x000000001cda7ba0
Event: 100.140 Thread 0x000000001a8f3800 DEOPT UNPACKING pc=0x0000000002b175d0 sp=0x000000001cda78c0 mode 0
Event: 100.194 loading class com/android/tools/r8/code/G2
Event: 100.194 loading class com/android/tools/r8/code/G2 done
Event: 100.198 loading class com/android/tools/r8/code/F2
Event: 100.198 loading class com/android/tools/r8/code/F2 done


Dynamic libraries:
0x00007ff716760000 - 0x00007ff716791000 	C:\Program Files\Android\Android Studio\jre\bin\java.exe
0x00007ffbfd8d0000 - 0x00007ffbfdac6000 	C:\WINDOWS\SYSTEM32\ntdll.dll
0x00007ffbfc120000 - 0x00007ffbfc1dd000 	C:\WINDOWS\System32\KERNEL32.DLL
0x00007ffbfb020000 - 0x00007ffbfb2e8000 	C:\WINDOWS\System32\KERNELBASE.dll
0x00007ffbfc600000 - 0x00007ffbfc6aa000 	C:\WINDOWS\System32\ADVAPI32.dll
0x00007ffbfb9f0000 - 0x00007ffbfba8e000 	C:\WINDOWS\System32\msvcrt.dll
0x00007ffbfb940000 - 0x00007ffbfb9db000 	C:\WINDOWS\System32\sechost.dll
0x00007ffbfd190000 - 0x00007ffbfd2b4000 	C:\WINDOWS\System32\RPCRT4.dll
0x00007ffbfd330000 - 0x00007ffbfd4d0000 	C:\WINDOWS\System32\USER32.dll
0x00007ffbfb400000 - 0x00007ffbfb422000 	C:\WINDOWS\System32\win32u.dll
0x00007ffbfd4d0000 - 0x00007ffbfd4fa000 	C:\WINDOWS\System32\GDI32.dll
0x00007ffbfb2f0000 - 0x00007ffbfb3f9000 	C:\WINDOWS\System32\gdi32full.dll
0x00007ffbfb690000 - 0x00007ffbfb72d000 	C:\WINDOWS\System32\msvcp_win.dll
0x00007ffbfb4e0000 - 0x00007ffbfb5e0000 	C:\WINDOWS\System32\ucrtbase.dll
0x00007ffbeb840000 - 0x00007ffbebadb000 	C:\WINDOWS\WinSxS\amd64_microsoft.windows.common-controls_6595b64144ccf1df_6.0.19041.488_none_ca04af081b815d21\COMCTL32.dll
0x00007ffbfd860000 - 0x00007ffbfd890000 	C:\WINDOWS\System32\IMM32.DLL
0x00000000520c0000 - 0x0000000052192000 	C:\Program Files\Android\Android Studio\jre\jre\bin\msvcr100.dll
0x0000000052280000 - 0x0000000052acb000 	C:\Program Files\Android\Android Studio\jre\jre\bin\server\jvm.dll
0x00007ffbfbca0000 - 0x00007ffbfbca8000 	C:\WINDOWS\System32\PSAPI.DLL
0x00007ffbeaf10000 - 0x00007ffbeaf19000 	C:\WINDOWS\SYSTEM32\WSOCK32.dll
0x00007ffbfd2c0000 - 0x00007ffbfd32b000 	C:\WINDOWS\System32\WS2_32.dll
0x00007ffbf03d0000 - 0x00007ffbf03f7000 	C:\WINDOWS\SYSTEM32\WINMM.dll
0x00007ffbed1b0000 - 0x00007ffbed1ba000 	C:\WINDOWS\SYSTEM32\VERSION.dll
0x00007ffbf87a0000 - 0x00007ffbf87af000 	C:\Program Files\Android\Android Studio\jre\jre\bin\verify.dll
0x00007ffbf4a60000 - 0x00007ffbf4a89000 	C:\Program Files\Android\Android Studio\jre\jre\bin\java.dll
0x00007ffbf8780000 - 0x00007ffbf8796000 	C:\Program Files\Android\Android Studio\jre\jre\bin\zip.dll
0x00007ffbfc9f0000 - 0x00007ffbfd130000 	C:\WINDOWS\System32\SHELL32.dll
0x00007ffbf9170000 - 0x00007ffbf9904000 	C:\WINDOWS\SYSTEM32\windows.storage.dll
0x00007ffbfd500000 - 0x00007ffbfd855000 	C:\WINDOWS\System32\combase.dll
0x00007ffbfaa90000 - 0x00007ffbfaabc000 	C:\WINDOWS\SYSTEM32\Wldp.dll
0x00007ffbfc3c0000 - 0x00007ffbfc46e000 	C:\WINDOWS\System32\SHCORE.dll
0x00007ffbfc860000 - 0x00007ffbfc8b5000 	C:\WINDOWS\System32\shlwapi.dll
0x00007ffbfaf50000 - 0x00007ffbfaf76000 	C:\WINDOWS\SYSTEM32\profapi.dll
0x00007ffbf4a40000 - 0x00007ffbf4a5a000 	C:\Program Files\Android\Android Studio\jre\jre\bin\net.dll
0x00007ffbfa810000 - 0x00007ffbfa87a000 	C:\WINDOWS\system32\mswsock.dll
0x00007ffbf4a20000 - 0x00007ffbf4a33000 	C:\Program Files\Android\Android Studio\jre\jre\bin\nio.dll
0x00007ffbf56e0000 - 0x00007ffbf5706000 	C:\Users\Arnal\.gradle\native\31\windows-amd64\native-platform.dll
0x00007ffbf4cc0000 - 0x00007ffbf4ccd000 	C:\Program Files\Android\Android Studio\jre\jre\bin\management.dll
0x00007ffbfa9e0000 - 0x00007ffbfa9f8000 	C:\WINDOWS\SYSTEM32\CRYPTSP.dll
0x00007ffbfa0d0000 - 0x00007ffbfa104000 	C:\WINDOWS\system32\rsaenh.dll
0x00007ffbfb660000 - 0x00007ffbfb687000 	C:\WINDOWS\System32\bcrypt.dll
0x00007ffbfaed0000 - 0x00007ffbfaefe000 	C:\WINDOWS\SYSTEM32\USERENV.dll
0x00007ffbfb5e0000 - 0x00007ffbfb65f000 	C:\WINDOWS\System32\bcryptprimitives.dll
0x00007ffbfaa00000 - 0x00007ffbfaa0c000 	C:\WINDOWS\SYSTEM32\CRYPTBASE.dll
0x00007ffbfa490000 - 0x00007ffbfa4cb000 	C:\WINDOWS\SYSTEM32\IPHLPAPI.DLL
0x00007ffbfc8c0000 - 0x00007ffbfc8c9000 	C:\WINDOWS\System32\NSI.dll
0x00007ffbf0d60000 - 0x00007ffbf0d77000 	C:\WINDOWS\SYSTEM32\dhcpcsvc6.DLL
0x00007ffbf2510000 - 0x00007ffbf252d000 	C:\WINDOWS\SYSTEM32\dhcpcsvc.DLL
0x00007ffbfa500000 - 0x00007ffbfa5cb000 	C:\WINDOWS\SYSTEM32\DNSAPI.dll

VM Arguments:
jvm_args: -Xmx2048m -Dfile.encoding=windows-1252 -Duser.country=MX -Duser.language=es -Duser.variant 
java_command: org.gradle.launcher.daemon.bootstrap.GradleDaemon 6.1.1
java_class_path (initial): C:\Users\Arnal\.gradle\wrapper\dists\gradle-6.1.1-all\cfmwm155h49vnt3hynmlrsdst\gradle-6.1.1\lib\gradle-launcher-6.1.1.jar
Launcher Type: SUN_STANDARD

Environment Variables:
CLASSPATH=.
PATH=C:\Program Files (x86)\Common Files\Oracle\Java\javapath;C:\WINDOWS\system32;C:\WINDOWS;C:\WINDOWS\System32\Wbem;C:\WINDOWS\System32\WindowsPowerShell\v1.0\;C:\WINDOWS\System32\OpenSSH\;C:\Program Files\Intel\WiFi\bin\;C:\Program Files\Common Files\Intel\WirelessCommon\;C:\Program Files\dotnet\;C:\Program Files\Microsoft SQL Server\Client SDK\ODBC\130\Tools\Binn\;C:\Program Files (x86)\Microsoft SQL Server\140\Tools\Binn\;C:\Program Files\Microsoft SQL Server\140\Tools\Binn\;C:\Program Files\Microsoft SQL Server\140\DTS\Binn\;C:\Program Files (x86)\Microsoft SQL Server\150\DTS\Binn\;C:\Program Files\Microsoft SQL Server\130\Tools\Binn\;C:\Program Files\Microsoft SQL Server\Client SDK\ODBC\170\Tools\Binn\;C:\Program Files (x86)\ibm\gsk8\lib;C:\Users\Arnal\AppData\Local\Microsoft\WindowsApps;C:\Program Files\Intel\WiFi\bin\;C:\Program Files\Common Files\Intel\WirelessCommon\;
USERNAME=Arnal
OS=Windows_NT
PROCESSOR_IDENTIFIER=Intel64 Family 6 Model 42 Stepping 7, GenuineIntel



---------------  S Y S T E M  ---------------

OS: Windows 10.0 , 64 bit Build 19041 (10.0.19041.546)

CPU:total 4 (initial active 4) (2 cores per cpu, 2 threads per core) family 6 model 42 stepping 7, cmov, cx8, fxsr, mmx, sse, sse2, sse3, ssse3, sse4.1, sse4.2, popcnt, avx, aes, clmul, ht, tsc, tscinvbit

Memory: 4k page, physical 8300728k(746216k free), swap 8300728k(4172k free)

vm_info: OpenJDK 64-Bit Server VM (25.242-b01) for windows-amd64 JRE (1.8.0_242-release-1644-b01), built by "builder" with MS VC++ 10.0 (VS2010)

time: Tue Oct 27 18:59:40 2020
timezone: Hora estándar central (México)
elapsed time: 100 seconds (0d 0h 1m 40s)

